CRITICAL - 2023-04-16 12:58:49 --> The framework needs the following extension(s) installed and loaded: intl, mbstring.
in SYSTEMPATH/CodeIgniter.php on line 226.
 1 SYSTEMPATH/CodeIgniter.php(226): CodeIgniter\Exceptions\FrameworkException::forMissingExtension()
 2 SYSTEMPATH/CodeIgniter.php(190): CodeIgniter\CodeIgniter->resolvePlatformExtensions()
 3 FCPATH/index.php(55): CodeIgniter\CodeIgniter->initialize()
CRITICAL - 2023-04-16 13:00:39 --> The framework needs the following extension(s) installed and loaded: intl, mbstring.
in SYSTEMPATH/CodeIgniter.php on line 226.
 1 SYSTEMPATH/CodeIgniter.php(226): CodeIgniter\Exceptions\FrameworkException::forMissingExtension()
 2 SYSTEMPATH/CodeIgniter.php(190): CodeIgniter\CodeIgniter->resolvePlatformExtensions()
 3 FCPATH/index.php(55): CodeIgniter\CodeIgniter->initialize()
CRITICAL - 2023-04-16 13:00:40 --> The framework needs the following extension(s) installed and loaded: intl, mbstring.
in SYSTEMPATH/CodeIgniter.php on line 226.
 1 SYSTEMPATH/CodeIgniter.php(226): CodeIgniter\Exceptions\FrameworkException::forMissingExtension()
 2 SYSTEMPATH/CodeIgniter.php(190): CodeIgniter\CodeIgniter->resolvePlatformExtensions()
 3 FCPATH/index.php(55): CodeIgniter\CodeIgniter->initialize()
CRITICAL - 2023-04-16 13:00:45 --> The framework needs the following extension(s) installed and loaded: intl, mbstring.
in SYSTEMPATH/CodeIgniter.php on line 226.
 1 SYSTEMPATH/CodeIgniter.php(226): CodeIgniter\Exceptions\FrameworkException::forMissingExtension()
 2 SYSTEMPATH/CodeIgniter.php(190): CodeIgniter\CodeIgniter->resolvePlatformExtensions()
 3 FCPATH/index.php(55): CodeIgniter\CodeIgniter->initialize()
CRITICAL - 2023-04-16 13:01:08 --> The framework needs the following extension(s) installed and loaded: intl, mbstring.
in SYSTEMPATH/CodeIgniter.php on line 226.
 1 SYSTEMPATH/CodeIgniter.php(226): CodeIgniter\Exceptions\FrameworkException::forMissingExtension()
 2 SYSTEMPATH/CodeIgniter.php(190): CodeIgniter\CodeIgniter->resolvePlatformExtensions()
 3 FCPATH/index.php(55): CodeIgniter\CodeIgniter->initialize()
CRITICAL - 2023-04-16 13:01:09 --> The framework needs the following extension(s) installed and loaded: intl, mbstring.
in SYSTEMPATH/CodeIgniter.php on line 226.
 1 SYSTEMPATH/CodeIgniter.php(226): CodeIgniter\Exceptions\FrameworkException::forMissingExtension()
 2 SYSTEMPATH/CodeIgniter.php(190): CodeIgniter\CodeIgniter->resolvePlatformExtensions()
 3 FCPATH/index.php(55): CodeIgniter\CodeIgniter->initialize()
CRITICAL - 2023-04-16 13:01:09 --> The framework needs the following extension(s) installed and loaded: intl, mbstring.
in SYSTEMPATH/CodeIgniter.php on line 226.
 1 SYSTEMPATH/CodeIgniter.php(226): CodeIgniter\Exceptions\FrameworkException::forMissingExtension()
 2 SYSTEMPATH/CodeIgniter.php(190): CodeIgniter\CodeIgniter->resolvePlatformExtensions()
 3 FCPATH/index.php(55): CodeIgniter\CodeIgniter->initialize()
CRITICAL - 2023-04-16 13:02:09 --> The framework needs the following extension(s) installed and loaded: intl, mbstring.
in SYSTEMPATH/CodeIgniter.php on line 226.
 1 SYSTEMPATH/CodeIgniter.php(226): CodeIgniter\Exceptions\FrameworkException::forMissingExtension()
 2 SYSTEMPATH/CodeIgniter.php(190): CodeIgniter\CodeIgniter->resolvePlatformExtensions()
 3 FCPATH/index.php(55): CodeIgniter\CodeIgniter->initialize()
CRITICAL - 2023-04-16 13:02:44 --> The framework needs the following extension(s) installed and loaded: intl, mbstring.
in SYSTEMPATH/CodeIgniter.php on line 226.
 1 SYSTEMPATH/CodeIgniter.php(226): CodeIgniter\Exceptions\FrameworkException::forMissingExtension()
 2 SYSTEMPATH/CodeIgniter.php(190): CodeIgniter\CodeIgniter->resolvePlatformExtensions()
 3 FCPATH/index.php(55): CodeIgniter\CodeIgniter->initialize()
CRITICAL - 2023-04-16 13:03:00 --> The framework needs the following extension(s) installed and loaded: intl, mbstring.
in SYSTEMPATH/CodeIgniter.php on line 226.
 1 SYSTEMPATH/CodeIgniter.php(226): CodeIgniter\Exceptions\FrameworkException::forMissingExtension()
 2 SYSTEMPATH/CodeIgniter.php(190): CodeIgniter\CodeIgniter->resolvePlatformExtensions()
 3 FCPATH/index.php(55): CodeIgniter\CodeIgniter->initialize()
CRITICAL - 2023-04-16 13:04:27 --> The framework needs the following extension(s) installed and loaded: intl, mbstring.
in SYSTEMPATH/CodeIgniter.php on line 226.
 1 SYSTEMPATH/CodeIgniter.php(226): CodeIgniter\Exceptions\FrameworkException::forMissingExtension()
 2 SYSTEMPATH/CodeIgniter.php(190): CodeIgniter\CodeIgniter->resolvePlatformExtensions()
 3 FCPATH/index.php(55): CodeIgniter\CodeIgniter->initialize()
CRITICAL - 2023-04-16 13:04:28 --> The framework needs the following extension(s) installed and loaded: intl, mbstring.
in SYSTEMPATH/CodeIgniter.php on line 226.
 1 SYSTEMPATH/CodeIgniter.php(226): CodeIgniter\Exceptions\FrameworkException::forMissingExtension()
 2 SYSTEMPATH/CodeIgniter.php(190): CodeIgniter\CodeIgniter->resolvePlatformExtensions()
 3 FCPATH/index.php(55): CodeIgniter\CodeIgniter->initialize()
CRITICAL - 2023-04-16 13:04:29 --> The framework needs the following extension(s) installed and loaded: intl, mbstring.
in SYSTEMPATH/CodeIgniter.php on line 226.
 1 SYSTEMPATH/CodeIgniter.php(226): CodeIgniter\Exceptions\FrameworkException::forMissingExtension()
 2 SYSTEMPATH/CodeIgniter.php(190): CodeIgniter\CodeIgniter->resolvePlatformExtensions()
 3 FCPATH/index.php(55): CodeIgniter\CodeIgniter->initialize()
CRITICAL - 2023-04-16 13:04:56 --> The framework needs the following extension(s) installed and loaded: intl.
in SYSTEMPATH/CodeIgniter.php on line 226.
 1 SYSTEMPATH/CodeIgniter.php(226): CodeIgniter\Exceptions\FrameworkException::forMissingExtension()
 2 SYSTEMPATH/CodeIgniter.php(190): CodeIgniter\CodeIgniter->resolvePlatformExtensions()
 3 FCPATH/index.php(55): CodeIgniter\CodeIgniter->initialize()
CRITICAL - 2023-04-16 13:04:57 --> The framework needs the following extension(s) installed and loaded: intl.
in SYSTEMPATH/CodeIgniter.php on line 226.
 1 SYSTEMPATH/CodeIgniter.php(226): CodeIgniter\Exceptions\FrameworkException::forMissingExtension()
 2 SYSTEMPATH/CodeIgniter.php(190): CodeIgniter\CodeIgniter->resolvePlatformExtensions()
 3 FCPATH/index.php(55): CodeIgniter\CodeIgniter->initialize()
CRITICAL - 2023-04-16 13:05:43 --> The framework needs the following extension(s) installed and loaded: intl.
in SYSTEMPATH/CodeIgniter.php on line 226.
 1 SYSTEMPATH/CodeIgniter.php(226): CodeIgniter\Exceptions\FrameworkException::forMissingExtension()
 2 SYSTEMPATH/CodeIgniter.php(190): CodeIgniter\CodeIgniter->resolvePlatformExtensions()
 3 FCPATH/index.php(55): CodeIgniter\CodeIgniter->initialize()
CRITICAL - 2023-04-16 13:05:51 --> The framework needs the following extension(s) installed and loaded: intl.
in SYSTEMPATH/CodeIgniter.php on line 226.
 1 SYSTEMPATH/CodeIgniter.php(226): CodeIgniter\Exceptions\FrameworkException::forMissingExtension()
 2 SYSTEMPATH/CodeIgniter.php(190): CodeIgniter\CodeIgniter->resolvePlatformExtensions()
 3 FCPATH/index.php(55): CodeIgniter\CodeIgniter->initialize()
CRITICAL - 2023-04-16 13:05:52 --> The framework needs the following extension(s) installed and loaded: intl.
in SYSTEMPATH/CodeIgniter.php on line 226.
 1 SYSTEMPATH/CodeIgniter.php(226): CodeIgniter\Exceptions\FrameworkException::forMissingExtension()
 2 SYSTEMPATH/CodeIgniter.php(190): CodeIgniter\CodeIgniter->resolvePlatformExtensions()
 3 FCPATH/index.php(55): CodeIgniter\CodeIgniter->initialize()
CRITICAL - 2023-04-16 13:06:29 --> The framework needs the following extension(s) installed and loaded: intl.
in SYSTEMPATH/CodeIgniter.php on line 226.
 1 SYSTEMPATH/CodeIgniter.php(226): CodeIgniter\Exceptions\FrameworkException::forMissingExtension()
 2 SYSTEMPATH/CodeIgniter.php(190): CodeIgniter\CodeIgniter->resolvePlatformExtensions()
 3 FCPATH/index.php(55): CodeIgniter\CodeIgniter->initialize()
CRITICAL - 2023-04-16 13:06:31 --> The framework needs the following extension(s) installed and loaded: intl.
in SYSTEMPATH/CodeIgniter.php on line 226.
 1 SYSTEMPATH/CodeIgniter.php(226): CodeIgniter\Exceptions\FrameworkException::forMissingExtension()
 2 SYSTEMPATH/CodeIgniter.php(190): CodeIgniter\CodeIgniter->resolvePlatformExtensions()
 3 FCPATH/index.php(55): CodeIgniter\CodeIgniter->initialize()
CRITICAL - 2023-04-16 16:43:33 --> Invalid file: "libros/crear.php"
in SYSTEMPATH/Exceptions/FrameworkException.php on line 33.
 1 SYSTEMPATH/View/View.php(201): CodeIgniter\Exceptions\FrameworkException::forInvalidFile()
 2 SYSTEMPATH/Common.php(1184): CodeIgniter\View\View->render()
 3 APPPATH/Controllers/Home.php(9): view()
 4 SYSTEMPATH/CodeIgniter.php(934): App\Controllers\Home->index()
 5 SYSTEMPATH/CodeIgniter.php(499): CodeIgniter\CodeIgniter->runController()
 6 SYSTEMPATH/CodeIgniter.php(368): CodeIgniter\CodeIgniter->handleRequest()
 7 FCPATH/index.php(67): CodeIgniter\CodeIgniter->run()
CRITICAL - 2023-04-16 17:31:10 --> Undefined variable $libro
in APPPATH/Controllers/Personas.php on line 11.
 1 APPPATH/Controllers/Personas.php(11): CodeIgniter\Debug\Exceptions->errorHandler()
 2 SYSTEMPATH/CodeIgniter.php(934): App\Controllers\Personas->index()
 3 SYSTEMPATH/CodeIgniter.php(499): CodeIgniter\CodeIgniter->runController()
 4 SYSTEMPATH/CodeIgniter.php(368): CodeIgniter\CodeIgniter->handleRequest()
 5 FCPATH/index.php(67): CodeIgniter\CodeIgniter->run()
CRITICAL - 2023-04-16 18:05:26 --> Undefined variable $nombre
in APPPATH/Controllers/Personas.php on line 32.
 1 APPPATH/Controllers/Personas.php(32): CodeIgniter\Debug\Exceptions->errorHandler()
 2 SYSTEMPATH/CodeIgniter.php(934): App\Controllers\Personas->guardar()
 3 SYSTEMPATH/CodeIgniter.php(499): CodeIgniter\CodeIgniter->runController()
 4 SYSTEMPATH/CodeIgniter.php(368): CodeIgniter\CodeIgniter->handleRequest()
 5 FCPATH/index.php(67): CodeIgniter\CodeIgniter->run()
ERROR - 2023-04-16 18:26:45 --> mysqli_sql_exception: Duplicate entry '' for key 'PRIMARY' in /var/www/html/Ejercicio_6/code4/system/Database/MySQLi/Connection.php:295
Stack trace:
#0 /var/www/html/Ejercicio_6/code4/system/Database/MySQLi/Connection.php(295): mysqli->query()
#1 /var/www/html/Ejercicio_6/code4/system/Database/BaseConnection.php(691): CodeIgniter\Database\MySQLi\Connection->execute()
#2 /var/www/html/Ejercicio_6/code4/system/Database/BaseConnection.php(605): CodeIgniter\Database\BaseConnection->simpleQuery()
#3 /var/www/html/Ejercicio_6/code4/system/Database/BaseBuilder.php(2309): CodeIgniter\Database\BaseConnection->query()
#4 /var/www/html/Ejercicio_6/code4/system/Model.php(330): CodeIgniter\Database\BaseBuilder->insert()
#5 /var/www/html/Ejercicio_6/code4/system/BaseModel.php(782): CodeIgniter\Model->doInsert()
#6 /var/www/html/Ejercicio_6/code4/system/Model.php(730): CodeIgniter\BaseModel->insert()
#7 /var/www/html/Ejercicio_6/code4/app/Controllers/Personas.php(84): CodeIgniter\Model->insert()
#8 /var/www/html/Ejercicio_6/code4/system/CodeIgniter.php(934): App\Controllers\Personas->guardar()
#9 /var/www/html/Ejercicio_6/code4/system/CodeIgniter.php(499): CodeIgniter\CodeIgniter->runController()
#10 /var/www/html/Ejercicio_6/code4/system/CodeIgniter.php(368): CodeIgniter\CodeIgniter->handleRequest()
#11 /var/www/html/Ejercicio_6/code4/index.php(67): CodeIgniter\CodeIgniter->run()
#12 {main}
CRITICAL - 2023-04-16 18:26:45 --> Duplicate entry '' for key 'PRIMARY'
in SYSTEMPATH/Database/MySQLi/Connection.php on line 295.
 1 SYSTEMPATH/Database/MySQLi/Connection.php(295): mysqli->query()
 2 SYSTEMPATH/Database/BaseConnection.php(691): CodeIgniter\Database\MySQLi\Connection->execute()
 3 SYSTEMPATH/Database/BaseConnection.php(605): CodeIgniter\Database\BaseConnection->simpleQuery()
 4 SYSTEMPATH/Database/BaseBuilder.php(2309): CodeIgniter\Database\BaseConnection->query()
 5 SYSTEMPATH/Model.php(330): CodeIgniter\Database\BaseBuilder->insert()
 6 SYSTEMPATH/BaseModel.php(782): CodeIgniter\Model->doInsert()
 7 SYSTEMPATH/Model.php(730): CodeIgniter\BaseModel->insert()
 8 APPPATH/Controllers/Personas.php(84): CodeIgniter\Model->insert()
 9 SYSTEMPATH/CodeIgniter.php(934): App\Controllers\Personas->guardar()
10 SYSTEMPATH/CodeIgniter.php(499): CodeIgniter\CodeIgniter->runController()
11 SYSTEMPATH/CodeIgniter.php(368): CodeIgniter\CodeIgniter->handleRequest()
12 FCPATH/index.php(67): CodeIgniter\CodeIgniter->run()
ERROR - 2023-04-16 18:27:13 --> mysqli_sql_exception: Duplicate entry '' for key 'PRIMARY' in /var/www/html/Ejercicio_6/code4/system/Database/MySQLi/Connection.php:295
Stack trace:
#0 /var/www/html/Ejercicio_6/code4/system/Database/MySQLi/Connection.php(295): mysqli->query()
#1 /var/www/html/Ejercicio_6/code4/system/Database/BaseConnection.php(691): CodeIgniter\Database\MySQLi\Connection->execute()
#2 /var/www/html/Ejercicio_6/code4/system/Database/BaseConnection.php(605): CodeIgniter\Database\BaseConnection->simpleQuery()
#3 /var/www/html/Ejercicio_6/code4/system/Database/BaseBuilder.php(2309): CodeIgniter\Database\BaseConnection->query()
#4 /var/www/html/Ejercicio_6/code4/system/Model.php(330): CodeIgniter\Database\BaseBuilder->insert()
#5 /var/www/html/Ejercicio_6/code4/system/BaseModel.php(782): CodeIgniter\Model->doInsert()
#6 /var/www/html/Ejercicio_6/code4/system/Model.php(730): CodeIgniter\BaseModel->insert()
#7 /var/www/html/Ejercicio_6/code4/app/Controllers/Personas.php(84): CodeIgniter\Model->insert()
#8 /var/www/html/Ejercicio_6/code4/system/CodeIgniter.php(934): App\Controllers\Personas->guardar()
#9 /var/www/html/Ejercicio_6/code4/system/CodeIgniter.php(499): CodeIgniter\CodeIgniter->runController()
#10 /var/www/html/Ejercicio_6/code4/system/CodeIgniter.php(368): CodeIgniter\CodeIgniter->handleRequest()
#11 /var/www/html/Ejercicio_6/code4/index.php(67): CodeIgniter\CodeIgniter->run()
#12 {main}
CRITICAL - 2023-04-16 18:27:13 --> Duplicate entry '' for key 'PRIMARY'
in SYSTEMPATH/Database/MySQLi/Connection.php on line 295.
 1 SYSTEMPATH/Database/MySQLi/Connection.php(295): mysqli->query()
 2 SYSTEMPATH/Database/BaseConnection.php(691): CodeIgniter\Database\MySQLi\Connection->execute()
 3 SYSTEMPATH/Database/BaseConnection.php(605): CodeIgniter\Database\BaseConnection->simpleQuery()
 4 SYSTEMPATH/Database/BaseBuilder.php(2309): CodeIgniter\Database\BaseConnection->query()
 5 SYSTEMPATH/Model.php(330): CodeIgniter\Database\BaseBuilder->insert()
 6 SYSTEMPATH/BaseModel.php(782): CodeIgniter\Model->doInsert()
 7 SYSTEMPATH/Model.php(730): CodeIgniter\BaseModel->insert()
 8 APPPATH/Controllers/Personas.php(84): CodeIgniter\Model->insert()
 9 SYSTEMPATH/CodeIgniter.php(934): App\Controllers\Personas->guardar()
10 SYSTEMPATH/CodeIgniter.php(499): CodeIgniter\CodeIgniter->runController()
11 SYSTEMPATH/CodeIgniter.php(368): CodeIgniter\CodeIgniter->handleRequest()
12 FCPATH/index.php(67): CodeIgniter\CodeIgniter->run()
ERROR - 2023-04-16 18:28:33 --> mysqli_sql_exception: Duplicate entry '' for key 'PRIMARY' in /var/www/html/Ejercicio_6/code4/system/Database/MySQLi/Connection.php:295
Stack trace:
#0 /var/www/html/Ejercicio_6/code4/system/Database/MySQLi/Connection.php(295): mysqli->query()
#1 /var/www/html/Ejercicio_6/code4/system/Database/BaseConnection.php(691): CodeIgniter\Database\MySQLi\Connection->execute()
#2 /var/www/html/Ejercicio_6/code4/system/Database/BaseConnection.php(605): CodeIgniter\Database\BaseConnection->simpleQuery()
#3 /var/www/html/Ejercicio_6/code4/system/Database/BaseBuilder.php(2309): CodeIgniter\Database\BaseConnection->query()
#4 /var/www/html/Ejercicio_6/code4/system/Model.php(330): CodeIgniter\Database\BaseBuilder->insert()
#5 /var/www/html/Ejercicio_6/code4/system/BaseModel.php(782): CodeIgniter\Model->doInsert()
#6 /var/www/html/Ejercicio_6/code4/system/Model.php(730): CodeIgniter\BaseModel->insert()
#7 /var/www/html/Ejercicio_6/code4/app/Controllers/Personas.php(84): CodeIgniter\Model->insert()
#8 /var/www/html/Ejercicio_6/code4/system/CodeIgniter.php(934): App\Controllers\Personas->guardar()
#9 /var/www/html/Ejercicio_6/code4/system/CodeIgniter.php(499): CodeIgniter\CodeIgniter->runController()
#10 /var/www/html/Ejercicio_6/code4/system/CodeIgniter.php(368): CodeIgniter\CodeIgniter->handleRequest()
#11 /var/www/html/Ejercicio_6/code4/index.php(67): CodeIgniter\CodeIgniter->run()
#12 {main}
CRITICAL - 2023-04-16 18:28:33 --> Duplicate entry '' for key 'PRIMARY'
in SYSTEMPATH/Database/MySQLi/Connection.php on line 295.
 1 SYSTEMPATH/Database/MySQLi/Connection.php(295): mysqli->query()
 2 SYSTEMPATH/Database/BaseConnection.php(691): CodeIgniter\Database\MySQLi\Connection->execute()
 3 SYSTEMPATH/Database/BaseConnection.php(605): CodeIgniter\Database\BaseConnection->simpleQuery()
 4 SYSTEMPATH/Database/BaseBuilder.php(2309): CodeIgniter\Database\BaseConnection->query()
 5 SYSTEMPATH/Model.php(330): CodeIgniter\Database\BaseBuilder->insert()
 6 SYSTEMPATH/BaseModel.php(782): CodeIgniter\Model->doInsert()
 7 SYSTEMPATH/Model.php(730): CodeIgniter\BaseModel->insert()
 8 APPPATH/Controllers/Personas.php(84): CodeIgniter\Model->insert()
 9 SYSTEMPATH/CodeIgniter.php(934): App\Controllers\Personas->guardar()
10 SYSTEMPATH/CodeIgniter.php(499): CodeIgniter\CodeIgniter->runController()
11 SYSTEMPATH/CodeIgniter.php(368): CodeIgniter\CodeIgniter->handleRequest()
12 FCPATH/index.php(67): CodeIgniter\CodeIgniter->run()
CRITICAL - 2023-04-16 18:32:20 --> Array to string conversion
in APPPATH/Controllers/Personas.php on line 83.
 1 APPPATH/Controllers/Personas.php(83): CodeIgniter\Debug\Exceptions->errorHandler()
 2 SYSTEMPATH/CodeIgniter.php(934): App\Controllers\Personas->guardar()
 3 SYSTEMPATH/CodeIgniter.php(499): CodeIgniter\CodeIgniter->runController()
 4 SYSTEMPATH/CodeIgniter.php(368): CodeIgniter\CodeIgniter->handleRequest()
 5 FCPATH/index.php(67): CodeIgniter\CodeIgniter->run()
CRITICAL - 2023-04-16 18:32:38 --> Array to string conversion
in APPPATH/Controllers/Personas.php on line 83.
 1 APPPATH/Controllers/Personas.php(83): CodeIgniter\Debug\Exceptions->errorHandler()
 2 SYSTEMPATH/CodeIgniter.php(934): App\Controllers\Personas->guardar()
 3 SYSTEMPATH/CodeIgniter.php(499): CodeIgniter\CodeIgniter->runController()
 4 SYSTEMPATH/CodeIgniter.php(368): CodeIgniter\CodeIgniter->handleRequest()
 5 FCPATH/index.php(67): CodeIgniter\CodeIgniter->run()
CRITICAL - 2023-04-16 18:51:29 --> Call to undefined function App\Controllers\mysql_real_escape_string()
in APPPATH/Controllers/Personas.php on line 85.
 1 SYSTEMPATH/CodeIgniter.php(934): App\Controllers\Personas->guardar()
 2 SYSTEMPATH/CodeIgniter.php(499): CodeIgniter\CodeIgniter->runController()
 3 SYSTEMPATH/CodeIgniter.php(368): CodeIgniter\CodeIgniter->handleRequest()
 4 FCPATH/index.php(67): CodeIgniter\CodeIgniter->run()
CRITICAL - 2023-04-16 18:52:00 --> mysqli_real_escape_string() expects exactly 2 arguments, 1 given
in APPPATH/Controllers/Personas.php on line 85.
 1 APPPATH/Controllers/Personas.php(85): mysqli_real_escape_string()
 2 SYSTEMPATH/CodeIgniter.php(934): App\Controllers\Personas->guardar()
 3 SYSTEMPATH/CodeIgniter.php(499): CodeIgniter\CodeIgniter->runController()
 4 SYSTEMPATH/CodeIgniter.php(368): CodeIgniter\CodeIgniter->handleRequest()
 5 FCPATH/index.php(67): CodeIgniter\CodeIgniter->run()
CRITICAL - 2023-04-16 18:52:24 --> Call to undefined function App\Controllers\mysql_escape_string()
in APPPATH/Controllers/Personas.php on line 85.
 1 SYSTEMPATH/CodeIgniter.php(934): App\Controllers\Personas->guardar()
 2 SYSTEMPATH/CodeIgniter.php(499): CodeIgniter\CodeIgniter->runController()
 3 SYSTEMPATH/CodeIgniter.php(368): CodeIgniter\CodeIgniter->handleRequest()
 4 FCPATH/index.php(67): CodeIgniter\CodeIgniter->run()
CRITICAL - 2023-04-16 18:52:30 --> Call to undefined function App\Controllers\mysql_real_escape_string()
in APPPATH/Controllers/Personas.php on line 85.
 1 SYSTEMPATH/CodeIgniter.php(934): App\Controllers\Personas->guardar()
 2 SYSTEMPATH/CodeIgniter.php(499): CodeIgniter\CodeIgniter->runController()
 3 SYSTEMPATH/CodeIgniter.php(368): CodeIgniter\CodeIgniter->handleRequest()
 4 FCPATH/index.php(67): CodeIgniter\CodeIgniter->run()
CRITICAL - 2023-04-16 18:53:01 --> Call to undefined function App\Controllers\escape_string()
in APPPATH/Controllers/Personas.php on line 85.
 1 SYSTEMPATH/CodeIgniter.php(934): App\Controllers\Personas->guardar()
 2 SYSTEMPATH/CodeIgniter.php(499): CodeIgniter\CodeIgniter->runController()
 3 SYSTEMPATH/CodeIgniter.php(368): CodeIgniter\CodeIgniter->handleRequest()
 4 FCPATH/index.php(67): CodeIgniter\CodeIgniter->run()
CRITICAL - 2023-04-16 18:53:31 --> Call to undefined function App\Controllers\escape_string()
in APPPATH/Controllers/Personas.php on line 85.
 1 SYSTEMPATH/CodeIgniter.php(934): App\Controllers\Personas->guardar()
 2 SYSTEMPATH/CodeIgniter.php(499): CodeIgniter\CodeIgniter->runController()
 3 SYSTEMPATH/CodeIgniter.php(368): CodeIgniter\CodeIgniter->handleRequest()
 4 FCPATH/index.php(67): CodeIgniter\CodeIgniter->run()
CRITICAL - 2023-04-16 18:53:33 --> Call to undefined function App\Controllers\escape_string()
in APPPATH/Controllers/Personas.php on line 85.
 1 SYSTEMPATH/CodeIgniter.php(934): App\Controllers\Personas->guardar()
 2 SYSTEMPATH/CodeIgniter.php(499): CodeIgniter\CodeIgniter->runController()
 3 SYSTEMPATH/CodeIgniter.php(368): CodeIgniter\CodeIgniter->handleRequest()
 4 FCPATH/index.php(67): CodeIgniter\CodeIgniter->run()
CRITICAL - 2023-04-16 18:54:05 --> Call to undefined function App\Controllers\escape_string()
in APPPATH/Controllers/Personas.php on line 85.
 1 SYSTEMPATH/CodeIgniter.php(934): App\Controllers\Personas->guardar()
 2 SYSTEMPATH/CodeIgniter.php(499): CodeIgniter\CodeIgniter->runController()
 3 SYSTEMPATH/CodeIgniter.php(368): CodeIgniter\CodeIgniter->handleRequest()
 4 FCPATH/index.php(67): CodeIgniter\CodeIgniter->run()
CRITICAL - 2023-04-16 18:57:37 --> Undefined variable $libro
in APPPATH/Views/personas/listar.php on line 24.
 1 APPPATH/Views/personas/listar.php(24): CodeIgniter\Debug\Exceptions->errorHandler()
 2 SYSTEMPATH/View/View.php(213): include('/var/www/html/Ejercicio_6/code4/app/Views/personas/listar.php')
 3 SYSTEMPATH/View/View.php(216): CodeIgniter\View\View->CodeIgniter\View\{closure}()
 4 SYSTEMPATH/Common.php(1184): CodeIgniter\View\View->render()
 5 APPPATH/Controllers/Personas.php(16): view()
 6 SYSTEMPATH/CodeIgniter.php(934): App\Controllers\Personas->index()
 7 SYSTEMPATH/CodeIgniter.php(499): CodeIgniter\CodeIgniter->runController()
 8 SYSTEMPATH/CodeIgniter.php(368): CodeIgniter\CodeIgniter->handleRequest()
 9 FCPATH/index.php(67): CodeIgniter\CodeIgniter->run()
CRITICAL - 2023-04-16 19:12:59 --> Undefined variable $id
in APPPATH/Controllers/Personas.php on line 103.
 1 APPPATH/Controllers/Personas.php(103): CodeIgniter\Debug\Exceptions->errorHandler()
 2 SYSTEMPATH/CodeIgniter.php(934): App\Controllers\Personas->editar()
 3 SYSTEMPATH/CodeIgniter.php(499): CodeIgniter\CodeIgniter->runController()
 4 SYSTEMPATH/CodeIgniter.php(368): CodeIgniter\CodeIgniter->handleRequest()
 5 FCPATH/index.php(67): CodeIgniter\CodeIgniter->run()
CRITICAL - 2023-04-16 19:23:22 --> Undefined variable $departamento
in APPPATH/Views/personas/editar.php on line 23.
 1 APPPATH/Views/personas/editar.php(23): CodeIgniter\Debug\Exceptions->errorHandler()
 2 SYSTEMPATH/View/View.php(213): include('/var/www/html/Ejercicio_6/code4/app/Views/personas/editar.php')
 3 SYSTEMPATH/View/View.php(216): CodeIgniter\View\View->CodeIgniter\View\{closure}()
 4 SYSTEMPATH/Common.php(1184): CodeIgniter\View\View->render()
 5 APPPATH/Controllers/Personas.php(110): view()
 6 SYSTEMPATH/CodeIgniter.php(934): App\Controllers\Personas->editar()
 7 SYSTEMPATH/CodeIgniter.php(499): CodeIgniter\CodeIgniter->runController()
 8 SYSTEMPATH/CodeIgniter.php(368): CodeIgniter\CodeIgniter->handleRequest()
 9 FCPATH/index.php(67): CodeIgniter\CodeIgniter->run()
CRITICAL - 2023-04-16 19:35:48 --> Undefined variable $persona
in APPPATH/Controllers/Personas.php on line 166.
 1 APPPATH/Controllers/Personas.php(166): CodeIgniter\Debug\Exceptions->errorHandler()
 2 SYSTEMPATH/CodeIgniter.php(934): App\Controllers\Personas->actualizar()
 3 SYSTEMPATH/CodeIgniter.php(499): CodeIgniter\CodeIgniter->runController()
 4 SYSTEMPATH/CodeIgniter.php(368): CodeIgniter\CodeIgniter->handleRequest()
 5 FCPATH/index.php(67): CodeIgniter\CodeIgniter->run()
CRITICAL - 2023-04-16 19:59:26 --> Undefined variable $cabecera
in APPPATH/Views/personas/crear.php on line 1.
 1 APPPATH/Views/personas/crear.php(1): CodeIgniter\Debug\Exceptions->errorHandler()
 2 SYSTEMPATH/View/View.php(213): include('/var/www/html/Ejercicio_6/code4/app/Views/personas/crear.php')
 3 SYSTEMPATH/View/View.php(216): CodeIgniter\View\View->CodeIgniter\View\{closure}()
 4 SYSTEMPATH/Common.php(1184): CodeIgniter\View\View->render()
 5 APPPATH/Controllers/Home.php(9): view()
 6 SYSTEMPATH/CodeIgniter.php(934): App\Controllers\Home->index()
 7 SYSTEMPATH/CodeIgniter.php(499): CodeIgniter\CodeIgniter->runController()
 8 SYSTEMPATH/CodeIgniter.php(368): CodeIgniter\CodeIgniter->handleRequest()
 9 FCPATH/index.php(67): CodeIgniter\CodeIgniter->run()
ERROR - 2023-04-16 19:59:49 --> mysqli_sql_exception: Table 'MIBASEMINOMBRE.PERSONA' doesn't exist in /var/www/html/Ejercicio_6/code4/system/Database/MySQLi/Connection.php:295
Stack trace:
#0 /var/www/html/Ejercicio_6/code4/system/Database/MySQLi/Connection.php(295): mysqli->query()
#1 /var/www/html/Ejercicio_6/code4/system/Database/BaseConnection.php(691): CodeIgniter\Database\MySQLi\Connection->execute()
#2 /var/www/html/Ejercicio_6/code4/system/Database/BaseConnection.php(605): CodeIgniter\Database\BaseConnection->simpleQuery()
#3 /var/www/html/Ejercicio_6/code4/system/Database/BaseBuilder.php(1616): CodeIgniter\Database\BaseConnection->query()
#4 /var/www/html/Ejercicio_6/code4/system/Model.php(241): CodeIgniter\Database\BaseBuilder->get()
#5 /var/www/html/Ejercicio_6/code4/system/BaseModel.php(618): CodeIgniter\Model->doFindAll()
#6 /var/www/html/Ejercicio_6/code4/app/Controllers/Personas.php(11): CodeIgniter\BaseModel->findAll()
#7 /var/www/html/Ejercicio_6/code4/system/CodeIgniter.php(934): App\Controllers\Personas->index()
#8 /var/www/html/Ejercicio_6/code4/system/CodeIgniter.php(499): CodeIgniter\CodeIgniter->runController()
#9 /var/www/html/Ejercicio_6/code4/system/CodeIgniter.php(368): CodeIgniter\CodeIgniter->handleRequest()
#10 /var/www/html/Ejercicio_6/code4/index.php(67): CodeIgniter\CodeIgniter->run()
#11 {main}
CRITICAL - 2023-04-16 19:59:49 --> Table 'MIBASEMINOMBRE.PERSONA' doesn't exist
in SYSTEMPATH/Database/MySQLi/Connection.php on line 295.
 1 SYSTEMPATH/Database/MySQLi/Connection.php(295): mysqli->query()
 2 SYSTEMPATH/Database/BaseConnection.php(691): CodeIgniter\Database\MySQLi\Connection->execute()
 3 SYSTEMPATH/Database/BaseConnection.php(605): CodeIgniter\Database\BaseConnection->simpleQuery()
 4 SYSTEMPATH/Database/BaseBuilder.php(1616): CodeIgniter\Database\BaseConnection->query()
 5 SYSTEMPATH/Model.php(241): CodeIgniter\Database\BaseBuilder->get()
 6 SYSTEMPATH/BaseModel.php(618): CodeIgniter\Model->doFindAll()
 7 APPPATH/Controllers/Personas.php(11): CodeIgniter\BaseModel->findAll()
 8 SYSTEMPATH/CodeIgniter.php(934): App\Controllers\Personas->index()
 9 SYSTEMPATH/CodeIgniter.php(499): CodeIgniter\CodeIgniter->runController()
10 SYSTEMPATH/CodeIgniter.php(368): CodeIgniter\CodeIgniter->handleRequest()
11 FCPATH/index.php(67): CodeIgniter\CodeIgniter->run()
CRITICAL - 2023-04-16 20:01:24 --> Undefined variable $cabecera
in APPPATH/Views/personas/crear.php on line 1.
 1 APPPATH/Views/personas/crear.php(1): CodeIgniter\Debug\Exceptions->errorHandler()
 2 SYSTEMPATH/View/View.php(213): include('/var/www/html/Ejercicio_6/code4/app/Views/personas/crear.php')
 3 SYSTEMPATH/View/View.php(216): CodeIgniter\View\View->CodeIgniter\View\{closure}()
 4 SYSTEMPATH/Common.php(1184): CodeIgniter\View\View->render()
 5 APPPATH/Controllers/Home.php(9): view()
 6 SYSTEMPATH/CodeIgniter.php(934): App\Controllers\Home->index()
 7 SYSTEMPATH/CodeIgniter.php(499): CodeIgniter\CodeIgniter->runController()
 8 SYSTEMPATH/CodeIgniter.php(368): CodeIgniter\CodeIgniter->handleRequest()
 9 FCPATH/index.php(67): CodeIgniter\CodeIgniter->run()
CRITICAL - 2023-04-16 20:02:44 --> Undefined variable $cabecera
in APPPATH/Views/personas/crear.php on line 1.
 1 APPPATH/Views/personas/crear.php(1): CodeIgniter\Debug\Exceptions->errorHandler()
 2 SYSTEMPATH/View/View.php(213): include('/var/www/html/Ejercicio_6/code4/app/Views/personas/crear.php')
 3 SYSTEMPATH/View/View.php(216): CodeIgniter\View\View->CodeIgniter\View\{closure}()
 4 SYSTEMPATH/Common.php(1184): CodeIgniter\View\View->render()
 5 APPPATH/Controllers/Home.php(9): view()
 6 SYSTEMPATH/CodeIgniter.php(934): App\Controllers\Home->index()
 7 SYSTEMPATH/CodeIgniter.php(499): CodeIgniter\CodeIgniter->runController()
 8 SYSTEMPATH/CodeIgniter.php(368): CodeIgniter\CodeIgniter->handleRequest()
 9 FCPATH/index.php(67): CodeIgniter\CodeIgniter->run()
